<?xml version="1.0" encoding="UTF-8"?>
<!-- Generated by org.testng.reporters.JUnitReportReporter -->
<testsuite hostname="Varun" failures="0" tests="6" name="apiTesting.MCaaS" time="6.770" errors="0" timestamp="2022-06-18T14:06:31 IST" skipped="0">
  <testcase classname="apiTesting.MCaaS" name="signIn" time="1.590"/>
  <system-out/>
  <testcase classname="apiTesting.MCaaS" name="showEnterprisesList" time="2.268"/>
  <system-out/>
  <testcase classname="apiTesting.MCaaS" name="showAllEnterprises" time="1.389"/>
  <system-out/>
  <testcase classname="apiTesting.MCaaS" name="showEnterpriseDetails" time="0.109"/>
  <system-out/>
  <testcase classname="apiTesting.MCaaS" name="signupForNewEnterprise" time="1.310"/>
  <system-out/>
  <testcase classname="apiTesting.MCaaS" name="showAllDevices" time="0.104"/>
  <system-out/>
</testsuite> <!-- apiTesting.MCaaS -->
