<?xml version="1.0" encoding="UTF-8"?>
<!-- Generated by org.testng.reporters.JUnitReportReporter -->
<testsuite hostname="Varun" failures="0" tests="7" name="testCases.LoginPage" time="13.321" errors="0" timestamp="2022-06-17T14:59:52 IST" skipped="0">
  <testcase classname="testCases.LoginPage" name="checkUrl" time="0.058"/>
  <system-out/>
  <testcase classname="testCases.LoginPage" name="dataDrivenTesting" time="0.466"/>
  <system-out/>
  <testcase classname="testCases.LoginPage" name="dataDrivenTesting" time="1.191"/>
  <system-out/>
  <testcase classname="testCases.LoginPage" name="dataDrivenTesting" time="0.652"/>
  <system-out/>
  <testcase classname="testCases.LoginPage" name="invalidLogin" time="0.401"/>
  <system-out/>
  <testcase classname="testCases.LoginPage" name="validLogin" time="0.447"/>
  <system-out/>
  <testcase classname="testCases.LoginPage" name="logOut" time="10.106"/>
  <system-out/>
</testsuite> <!-- testCases.LoginPage -->
